2024-05-09 09:57:21,781 INFO o.a.j.u.JMeterUtils: Setting Locale to en_EN
2024-05-09 09:57:21,812 INFO o.a.j.JMeter: Loading user properties from: user.properties
2024-05-09 09:57:21,812 INFO o.a.j.JMeter: Loading system properties from: system.properties
2024-05-09 09:57:21,827 INFO o.a.j.JMeter: Copyright (c) 1998-2024 The Apache Software Foundation
2024-05-09 09:57:21,827 INFO o.a.j.JMeter: Version 5.6.3
2024-05-09 09:57:21,827 INFO o.a.j.JMeter: java.version=17.0.10
2024-05-09 09:57:21,827 INFO o.a.j.JMeter: java.vm.name=Java HotSpot(TM) 64-Bit Server VM
2024-05-09 09:57:21,827 INFO o.a.j.JMeter: os.name=Windows 11
2024-05-09 09:57:21,827 INFO o.a.j.JMeter: os.arch=amd64
2024-05-09 09:57:21,827 INFO o.a.j.JMeter: os.version=10.0
2024-05-09 09:57:21,827 INFO o.a.j.JMeter: file.encoding=Cp1252
2024-05-09 09:57:21,827 INFO o.a.j.JMeter: java.awt.headless=null
2024-05-09 09:57:21,827 INFO o.a.j.JMeter: Max memory     =1073741824
2024-05-09 09:57:21,827 INFO o.a.j.JMeter: Available Processors =12
2024-05-09 09:57:21,850 INFO o.a.j.JMeter: Default Locale=English (EN)
2024-05-09 09:57:21,850 INFO o.a.j.JMeter: JMeter  Locale=English (EN)
2024-05-09 09:57:21,850 INFO o.a.j.JMeter: JMeterHome=C:\Users\ShivanandaSN\Downloads\apache-jmeter-5.6.3\apache-jmeter-5.6.3
2024-05-09 09:57:21,850 INFO o.a.j.JMeter: user.dir  =C:\Users\ShivanandaSN\Downloads\apache-jmeter-5.6.3\apache-jmeter-5.6.3\bin
2024-05-09 09:57:21,850 INFO o.a.j.JMeter: PWD       =C:\Users\ShivanandaSN\Downloads\apache-jmeter-5.6.3\apache-jmeter-5.6.3\bin
2024-05-09 09:57:21,875 INFO o.a.j.JMeter: IP: 9.113.185.251 Name: IBM-PF4SWRC9 FullName: IBM-PF4SWRC9.in.ibm.com
2024-05-09 09:57:21,906 INFO o.a.j.JMeter: Loaded icon properties from org/apache/jmeter/images/icon.properties
2024-05-09 09:57:22,401 INFO o.a.j.JMeterGuiLauncher: Setting LAF to: com.github.weisj.darklaf.DarkLaf:com.github.weisj.darklaf.theme.IntelliJTheme
2024-05-09 09:59:10,400 INFO o.a.j.s.FileServer: Default base='C:\Users\ShivanandaSN\Downloads\apache-jmeter-5.6.3\apache-jmeter-5.6.3\bin'
2024-05-09 09:59:10,402 INFO o.a.j.g.a.Load: Loading file: C:\Users\ShivanandaSN\Downloads\apache-jmeter-5.6.3\apache-jmeter-5.6.3\bin\IBM_Thread.jmx
2024-05-09 09:59:10,402 INFO o.a.j.s.FileServer: Set new base='C:\Users\ShivanandaSN\Downloads\apache-jmeter-5.6.3\apache-jmeter-5.6.3\bin'
2024-05-09 09:59:10,700 INFO o.a.j.s.SaveService: Testplan (JMX) version: 2.2. Testlog (JTL) version: 2.2
2024-05-09 09:59:10,748 INFO o.a.j.s.SaveService: Using SaveService properties version 5.0
2024-05-09 09:59:10,748 INFO o.a.j.s.SaveService: Using SaveService properties file encoding UTF-8
2024-05-09 09:59:10,748 INFO o.a.j.s.SaveService: Loading file: C:\Users\ShivanandaSN\Downloads\apache-jmeter-5.6.3\apache-jmeter-5.6.3\bin\IBM_Thread.jmx
2024-05-09 09:59:10,795 INFO o.a.j.p.h.s.HTTPSamplerBase: Parser for text/html is org.apache.jmeter.protocol.http.parser.LagartoBasedHtmlParser
2024-05-09 09:59:10,795 INFO o.a.j.p.h.s.HTTPSamplerBase: Parser for application/xhtml+xml is org.apache.jmeter.protocol.http.parser.LagartoBasedHtmlParser
2024-05-09 09:59:10,795 INFO o.a.j.p.h.s.HTTPSamplerBase: Parser for application/xml is org.apache.jmeter.protocol.http.parser.LagartoBasedHtmlParser
2024-05-09 09:59:10,795 INFO o.a.j.p.h.s.HTTPSamplerBase: Parser for text/xml is org.apache.jmeter.protocol.http.parser.LagartoBasedHtmlParser
2024-05-09 09:59:10,795 INFO o.a.j.p.h.s.HTTPSamplerBase: Parser for text/vnd.wap.wml is org.apache.jmeter.protocol.http.parser.RegexpHTMLParser
2024-05-09 09:59:10,795 INFO o.a.j.p.h.s.HTTPSamplerBase: Parser for text/css is org.apache.jmeter.protocol.http.parser.CssParser
2024-05-09 09:59:11,193 INFO o.a.j.s.SampleResult: Note: Sample TimeStamps are START times
2024-05-09 09:59:11,193 INFO o.a.j.s.SampleResult: sampleresult.default.encoding is set to UTF-8
2024-05-09 09:59:11,193 INFO o.a.j.s.SampleResult: sampleresult.useNanoTime=true
2024-05-09 09:59:11,193 INFO o.a.j.s.SampleResult: sampleresult.nanoThreadSleep=5000
2024-05-09 09:59:12,726 INFO o.a.j.s.FileServer: Set new base='C:\Users\ShivanandaSN\Downloads\apache-jmeter-5.6.3\apache-jmeter-5.6.3\bin'
2024-05-09 10:02:17,328 INFO o.a.j.e.StandardJMeterEngine: Running the test!
2024-05-09 10:02:17,328 INFO o.a.j.s.SampleEvent: List of sample_variables: []
2024-05-09 10:02:17,328 INFO o.a.j.s.SampleEvent: List of sample_variables: []
2024-05-09 10:02:17,328 INFO o.a.j.e.u.CompoundVariable: Note: Function class names must contain the string: '.functions.'
2024-05-09 10:02:17,328 INFO o.a.j.e.u.CompoundVariable: Note: Function class names must not contain the string: '.gui.'
2024-05-09 10:02:17,372 INFO o.a.j.g.u.JMeterMenuBar: setRunning(true, *local*)
2024-05-09 10:02:17,435 INFO o.a.j.e.StandardJMeterEngine: Starting ThreadGroup: 1 : activity5
2024-05-09 10:02:17,435 INFO o.a.j.e.StandardJMeterEngine: Starting 10 threads for group activity5.
2024-05-09 10:02:17,435 INFO o.a.j.e.StandardJMeterEngine: Thread will continue on error
2024-05-09 10:02:17,435 INFO o.a.j.t.ThreadGroup: Starting thread group... number=1 threads=10 ramp-up=1 delayedStart=false
2024-05-09 10:02:17,435 INFO o.a.j.t.JMeterThread: Thread started: activity5 1-1
2024-05-09 10:02:17,435 INFO o.a.j.t.ThreadGroup: Started thread group number 1
2024-05-09 10:02:17,435 INFO o.a.j.e.StandardJMeterEngine: Starting ThreadGroup: 2 : activity6
2024-05-09 10:02:17,435 INFO o.a.j.e.StandardJMeterEngine: Starting 1 threads for group activity6.
2024-05-09 10:02:17,435 INFO o.a.j.e.StandardJMeterEngine: Thread will continue on error
2024-05-09 10:02:17,435 INFO o.a.j.t.ThreadGroup: Starting thread group... number=2 threads=1 ramp-up=1 delayedStart=false
2024-05-09 10:02:17,435 INFO o.a.j.t.ThreadGroup: Started thread group number 2
2024-05-09 10:02:17,435 INFO o.a.j.e.StandardJMeterEngine: All thread groups have been started
2024-05-09 10:02:17,451 INFO o.a.j.t.JMeterThread: Thread started: activity6 2-1
2024-05-09 10:02:17,451 INFO o.a.j.t.JMeterThread: Thread is done: activity6 2-1
2024-05-09 10:02:17,451 INFO o.a.j.t.JMeterThread: Thread finished: activity6 2-1
2024-05-09 10:02:17,467 INFO o.a.j.p.h.s.HTTPHCAbstractImpl: Local host = IBM-PF4SWRC9
2024-05-09 10:02:17,482 INFO o.a.j.p.h.s.HTTPHC4Impl: HTTP request retry count = 0
2024-05-09 10:02:17,547 INFO o.a.j.t.JMeterThread: Thread started: activity5 1-2
2024-05-09 10:02:17,643 INFO o.a.j.t.JMeterThread: Thread started: activity5 1-3
2024-05-09 10:02:17,748 INFO o.a.j.t.JMeterThread: Thread started: activity5 1-4
2024-05-09 10:02:17,848 INFO o.a.j.t.JMeterThread: Thread started: activity5 1-5
2024-05-09 10:02:17,918 INFO o.a.j.p.h.s.h.LazyLayeredConnectionSocketFactory: Setting up HTTPS TrustAll Socket Factory
2024-05-09 10:02:17,934 INFO o.a.j.u.JsseSSLManager: Using default SSL protocol: TLS
2024-05-09 10:02:17,934 INFO o.a.j.u.JsseSSLManager: SSL session context: per-thread
2024-05-09 10:02:17,949 INFO o.a.j.t.JMeterThread: Thread started: activity5 1-6
2024-05-09 10:02:17,957 WARN o.a.j.m.SampleTimeout: Call Done interrupting HTTPSamplerProxy @383028011 'HTTP Request'  took 3.891E-4 secs
2024-05-09 10:02:18,053 INFO o.a.j.t.JMeterThread: Thread started: activity5 1-7
2024-05-09 10:02:18,149 WARN o.a.j.m.SampleTimeout: Call Done interrupting HTTPSamplerProxy @1542964276 'HTTP Request'  took 0.0997597 secs
2024-05-09 10:02:18,150 WARN o.a.j.m.SampleTimeout: Call Done interrupting HTTPSamplerProxy @1187293567 'HTTP Request'  took 3.869E-4 secs
2024-05-09 10:02:18,153 INFO o.a.j.t.JMeterThread: Thread started: activity5 1-8
2024-05-09 10:02:18,259 INFO o.a.j.t.JMeterThread: Thread started: activity5 1-9
2024-05-09 10:02:18,259 WARN o.a.j.m.SampleTimeout: Call Done interrupting HTTPSamplerProxy @1471612812 'HTTP Request'  took 9.123E-4 secs
2024-05-09 10:02:18,300 INFO o.a.j.u.SSLManager: JmeterKeyStore Location:  type JKS
2024-05-09 10:02:18,323 INFO o.a.j.u.SSLManager: KeyStore created OK
2024-05-09 10:02:18,323 WARN o.a.j.u.SSLManager: Keystore file not found, loading empty keystore
2024-05-09 10:02:18,350 WARN o.a.j.m.SampleTimeout: Call Done interrupting HTTPSamplerProxy @848962886 'HTTP Request'  took 9.927E-4 secs
2024-05-09 10:02:18,366 INFO o.a.j.t.JMeterThread: Thread started: activity5 1-10
2024-05-09 10:02:18,462 WARN o.a.j.m.SampleTimeout: Call Done interrupting HTTPSamplerProxy @1052813424 'HTTP Request'  took 5.126E-4 secs
2024-05-09 10:02:18,563 WARN o.a.j.m.SampleTimeout: Call Done interrupting HTTPSamplerProxy @2082935080 'HTTP Request'  took 4.826E-4 secs
2024-05-09 10:02:18,670 WARN o.a.j.m.SampleTimeout: Call Done interrupting HTTPSamplerProxy @1949054020 'HTTP Request'  took 6.058E-4 secs
2024-05-09 10:02:18,765 WARN o.a.j.m.SampleTimeout: Call Done interrupting HTTPSamplerProxy @556128721 'HTTP Request'  took 0.0011707 secs
2024-05-09 10:02:18,883 WARN o.a.j.m.SampleTimeout: Call Done interrupting HTTPSamplerProxy @1491011454 'HTTP Request'  took 5.966E-4 secs
2024-05-09 10:02:20,066 WARN o.a.j.m.SampleTimeout: Call Done interrupting HTTPSamplerProxy @1949054020 'HTTP Request'  took 0.0025343 secs
2024-05-09 10:02:20,066 WARN o.a.j.m.SampleTimeout: Call Done interrupting HTTPSamplerProxy @1491011454 'HTTP Request'  took 0.0014139 secs
2024-05-09 10:02:20,082 WARN o.a.j.m.SampleTimeout: Call Done interrupting HTTPSamplerProxy @383028011 'HTTP Request'  took 0.0086461 secs
2024-05-09 10:02:20,439 WARN o.a.j.m.SampleTimeout: Call Done interrupting HTTPSamplerProxy @556128721 'HTTP Request'  took 0.0023541 secs
2024-05-09 10:02:20,455 WARN o.a.j.m.SampleTimeout: Call Done interrupting HTTPSamplerProxy @1052813424 'HTTP Request'  took 0.001634 secs
2024-05-09 10:02:20,455 WARN o.a.j.m.SampleTimeout: Call Done interrupting HTTPSamplerProxy @1471612812 'HTTP Request'  took 0.0016599 secs
2024-05-09 10:02:20,455 WARN o.a.j.m.SampleTimeout: Call Done interrupting HTTPSamplerProxy @1542964276 'HTTP Request'  took 0.0052563 secs
2024-05-09 10:02:20,466 WARN o.a.j.m.SampleTimeout: Call Done interrupting HTTPSamplerProxy @2082935080 'HTTP Request'  took 0.0011845 secs
2024-05-09 10:02:20,466 WARN o.a.j.m.SampleTimeout: Call Done interrupting HTTPSamplerProxy @1187293567 'HTTP Request'  took 0.0023396 secs
2024-05-09 10:02:20,472 WARN o.a.j.m.SampleTimeout: Call Done interrupting HTTPSamplerProxy @848962886 'HTTP Request'  took 0.0025372 secs
2024-05-09 10:02:20,581 WARN o.a.j.m.SampleTimeout: Call Done interrupting HTTPSamplerProxy @1949054020 'HTTP Request'  took 0.0014791 secs
2024-05-09 10:02:20,585 WARN o.a.j.m.SampleTimeout: Call Done interrupting HTTPSamplerProxy @1491011454 'HTTP Request'  took 0.0014285 secs
2024-05-09 10:02:20,601 WARN o.a.j.m.SampleTimeout: Call Done interrupting HTTPSamplerProxy @383028011 'HTTP Request'  took 0.0012572 secs
2024-05-09 10:02:20,878 INFO o.a.j.t.JMeterThread: Thread is done: activity5 1-5
2024-05-09 10:02:20,878 INFO o.a.j.t.JMeterThread: Thread finished: activity5 1-5
2024-05-09 10:02:20,915 INFO o.a.j.t.JMeterThread: Thread is done: activity5 1-8
2024-05-09 10:02:20,915 INFO o.a.j.t.JMeterThread: Thread finished: activity5 1-8
2024-05-09 10:02:20,926 INFO o.a.j.t.JMeterThread: Thread is done: activity5 1-9
2024-05-09 10:02:20,926 INFO o.a.j.t.JMeterThread: Thread finished: activity5 1-9
2024-05-09 10:02:20,948 INFO o.a.j.t.JMeterThread: Thread is done: activity5 1-4
2024-05-09 10:02:20,948 INFO o.a.j.t.JMeterThread: Thread finished: activity5 1-4
2024-05-09 10:02:20,958 INFO o.a.j.t.JMeterThread: Thread is done: activity5 1-10
2024-05-09 10:02:20,958 INFO o.a.j.t.JMeterThread: Thread finished: activity5 1-10
2024-05-09 10:02:20,965 INFO o.a.j.t.JMeterThread: Thread is done: activity5 1-2
2024-05-09 10:02:20,965 INFO o.a.j.t.JMeterThread: Thread finished: activity5 1-2
2024-05-09 10:02:20,975 INFO o.a.j.t.JMeterThread: Thread is done: activity5 1-6
2024-05-09 10:02:20,975 INFO o.a.j.t.JMeterThread: Thread finished: activity5 1-6
2024-05-09 10:02:20,975 INFO o.a.j.t.JMeterThread: Thread is done: activity5 1-3
2024-05-09 10:02:20,975 INFO o.a.j.t.JMeterThread: Thread finished: activity5 1-3
2024-05-09 10:02:20,990 INFO o.a.j.t.JMeterThread: Thread is done: activity5 1-1
2024-05-09 10:02:20,990 INFO o.a.j.t.JMeterThread: Thread finished: activity5 1-1
2024-05-09 10:02:21,017 INFO o.a.j.t.JMeterThread: Thread is done: activity5 1-7
2024-05-09 10:02:21,017 INFO o.a.j.t.JMeterThread: Thread finished: activity5 1-7
2024-05-09 10:02:21,022 INFO o.a.j.e.StandardJMeterEngine: Notifying test listeners of end of test
2024-05-09 10:02:21,022 INFO o.a.j.g.u.JMeterMenuBar: setRunning(false, *local*)
2024-05-09 10:02:33,878 INFO o.a.j.e.StandardJMeterEngine: Running the test!
2024-05-09 10:02:33,878 INFO o.a.j.s.SampleEvent: List of sample_variables: []
2024-05-09 10:02:33,880 INFO o.a.j.g.u.JMeterMenuBar: setRunning(true, *local*)
2024-05-09 10:02:33,945 INFO o.a.j.e.StandardJMeterEngine: Starting ThreadGroup: 1 : activity6
2024-05-09 10:02:33,945 INFO o.a.j.e.StandardJMeterEngine: Starting 1 threads for group activity6.
2024-05-09 10:02:33,945 INFO o.a.j.e.StandardJMeterEngine: Thread will continue on error
2024-05-09 10:02:33,945 INFO o.a.j.t.ThreadGroup: Starting thread group... number=1 threads=1 ramp-up=1 delayedStart=false
2024-05-09 10:02:33,945 INFO o.a.j.t.ThreadGroup: Started thread group number 1
2024-05-09 10:02:33,945 INFO o.a.j.e.StandardJMeterEngine: All thread groups have been started
2024-05-09 10:02:33,945 INFO o.a.j.t.JMeterThread: Thread started: activity6 1-1
2024-05-09 10:02:33,945 INFO o.a.j.t.JMeterThread: Thread is done: activity6 1-1
2024-05-09 10:02:33,945 INFO o.a.j.t.JMeterThread: Thread finished: activity6 1-1
2024-05-09 10:02:33,945 INFO o.a.j.e.StandardJMeterEngine: Notifying test listeners of end of test
2024-05-09 10:02:33,945 INFO o.a.j.g.u.JMeterMenuBar: setRunning(false, *local*)
2024-05-09 10:02:38,475 INFO o.a.j.e.StandardJMeterEngine: Running the test!
2024-05-09 10:02:38,475 INFO o.a.j.s.SampleEvent: List of sample_variables: []
2024-05-09 10:02:38,475 INFO o.a.j.g.u.JMeterMenuBar: setRunning(true, *local*)
2024-05-09 10:02:38,533 INFO o.a.j.e.StandardJMeterEngine: Starting ThreadGroup: 1 : activity6
2024-05-09 10:02:38,533 INFO o.a.j.e.StandardJMeterEngine: Starting 1 threads for group activity6.
2024-05-09 10:02:38,533 INFO o.a.j.e.StandardJMeterEngine: Thread will continue on error
2024-05-09 10:02:38,533 INFO o.a.j.t.ThreadGroup: Starting thread group... number=1 threads=1 ramp-up=1 delayedStart=false
2024-05-09 10:02:38,533 INFO o.a.j.t.ThreadGroup: Started thread group number 1
2024-05-09 10:02:38,533 INFO o.a.j.e.StandardJMeterEngine: All thread groups have been started
2024-05-09 10:02:38,533 INFO o.a.j.t.JMeterThread: Thread started: activity6 1-1
2024-05-09 10:02:38,533 INFO o.a.j.t.JMeterThread: Thread is done: activity6 1-1
2024-05-09 10:02:38,533 INFO o.a.j.t.JMeterThread: Thread finished: activity6 1-1
2024-05-09 10:02:38,533 INFO o.a.j.e.StandardJMeterEngine: Notifying test listeners of end of test
2024-05-09 10:02:38,533 INFO o.a.j.g.u.JMeterMenuBar: setRunning(false, *local*)
2024-05-09 10:02:39,596 INFO o.a.j.e.StandardJMeterEngine: Running the test!
2024-05-09 10:02:39,608 INFO o.a.j.s.SampleEvent: List of sample_variables: []
2024-05-09 10:02:39,608 INFO o.a.j.g.u.JMeterMenuBar: setRunning(true, *local*)
2024-05-09 10:02:39,659 INFO o.a.j.e.StandardJMeterEngine: Starting ThreadGroup: 1 : activity6
2024-05-09 10:02:39,659 INFO o.a.j.e.StandardJMeterEngine: Starting 1 threads for group activity6.
2024-05-09 10:02:39,659 INFO o.a.j.e.StandardJMeterEngine: Thread will continue on error
2024-05-09 10:02:39,659 INFO o.a.j.t.ThreadGroup: Starting thread group... number=1 threads=1 ramp-up=1 delayedStart=false
2024-05-09 10:02:39,670 INFO o.a.j.t.ThreadGroup: Started thread group number 1
2024-05-09 10:02:39,670 INFO o.a.j.e.StandardJMeterEngine: All thread groups have been started
2024-05-09 10:02:39,670 INFO o.a.j.t.JMeterThread: Thread started: activity6 1-1
2024-05-09 10:02:39,670 INFO o.a.j.t.JMeterThread: Thread is done: activity6 1-1
2024-05-09 10:02:39,670 INFO o.a.j.t.JMeterThread: Thread finished: activity6 1-1
2024-05-09 10:02:39,670 INFO o.a.j.e.StandardJMeterEngine: Notifying test listeners of end of test
2024-05-09 10:02:39,670 INFO o.a.j.g.u.JMeterMenuBar: setRunning(false, *local*)
2024-05-09 10:03:04,691 INFO o.a.j.e.StandardJMeterEngine: Running the test!
2024-05-09 10:03:04,692 INFO o.a.j.s.SampleEvent: List of sample_variables: []
2024-05-09 10:03:04,692 INFO o.a.j.g.u.JMeterMenuBar: setRunning(true, *local*)
2024-05-09 10:03:04,750 INFO o.a.j.e.StandardJMeterEngine: Starting ThreadGroup: 1 : activity6
2024-05-09 10:03:04,750 INFO o.a.j.e.StandardJMeterEngine: Starting 1 threads for group activity6.
2024-05-09 10:03:04,750 INFO o.a.j.e.StandardJMeterEngine: Thread will continue on error
2024-05-09 10:03:04,750 INFO o.a.j.t.ThreadGroup: Starting thread group... number=1 threads=1 ramp-up=1 delayedStart=false
2024-05-09 10:03:04,750 INFO o.a.j.t.ThreadGroup: Started thread group number 1
2024-05-09 10:03:04,750 INFO o.a.j.e.StandardJMeterEngine: All thread groups have been started
2024-05-09 10:03:04,765 INFO o.a.j.t.JMeterThread: Thread started: activity6 1-1
2024-05-09 10:03:07,369 INFO o.a.j.t.JMeterThread: Thread is done: activity6 1-1
2024-05-09 10:03:07,369 INFO o.a.j.t.JMeterThread: Thread finished: activity6 1-1
2024-05-09 10:03:07,380 INFO o.a.j.e.StandardJMeterEngine: Notifying test listeners of end of test
2024-05-09 10:03:07,380 INFO o.a.j.g.u.JMeterMenuBar: setRunning(false, *local*)
2024-05-09 10:04:04,847 INFO o.a.j.e.StandardJMeterEngine: Running the test!
2024-05-09 10:04:04,847 INFO o.a.j.s.SampleEvent: List of sample_variables: []
2024-05-09 10:04:04,847 INFO o.a.j.g.u.JMeterMenuBar: setRunning(true, *local*)
2024-05-09 10:04:04,918 INFO o.a.j.e.StandardJMeterEngine: Starting ThreadGroup: 1 : activity6
2024-05-09 10:04:04,918 INFO o.a.j.e.StandardJMeterEngine: Starting 1 threads for group activity6.
2024-05-09 10:04:04,918 INFO o.a.j.e.StandardJMeterEngine: Thread will continue on error
2024-05-09 10:04:04,918 INFO o.a.j.t.ThreadGroup: Starting thread group... number=1 threads=1 ramp-up=1 delayedStart=false
2024-05-09 10:04:04,918 INFO o.a.j.t.ThreadGroup: Started thread group number 1
2024-05-09 10:04:04,918 INFO o.a.j.e.StandardJMeterEngine: All thread groups have been started
2024-05-09 10:04:04,918 INFO o.a.j.t.JMeterThread: Thread started: activity6 1-1
2024-05-09 10:04:04,918 INFO o.a.j.t.JMeterThread: Thread is done: activity6 1-1
2024-05-09 10:04:04,918 INFO o.a.j.t.JMeterThread: Thread finished: activity6 1-1
2024-05-09 10:04:04,918 INFO o.a.j.e.StandardJMeterEngine: Notifying test listeners of end of test
2024-05-09 10:04:04,918 INFO o.a.j.g.u.JMeterMenuBar: setRunning(false, *local*)
2024-05-09 10:04:07,169 INFO o.a.j.e.StandardJMeterEngine: Running the test!
2024-05-09 10:04:07,169 INFO o.a.j.s.SampleEvent: List of sample_variables: []
2024-05-09 10:04:07,169 INFO o.a.j.g.u.JMeterMenuBar: setRunning(true, *local*)
2024-05-09 10:04:07,232 INFO o.a.j.e.StandardJMeterEngine: Starting ThreadGroup: 1 : activity6
2024-05-09 10:04:07,232 INFO o.a.j.e.StandardJMeterEngine: Starting 1 threads for group activity6.
2024-05-09 10:04:07,232 INFO o.a.j.e.StandardJMeterEngine: Thread will continue on error
2024-05-09 10:04:07,232 INFO o.a.j.t.ThreadGroup: Starting thread group... number=1 threads=1 ramp-up=1 delayedStart=false
2024-05-09 10:04:07,232 INFO o.a.j.t.ThreadGroup: Started thread group number 1
2024-05-09 10:04:07,232 INFO o.a.j.e.StandardJMeterEngine: All thread groups have been started
2024-05-09 10:04:07,232 INFO o.a.j.t.JMeterThread: Thread started: activity6 1-1
2024-05-09 10:04:07,232 INFO o.a.j.t.JMeterThread: Thread is done: activity6 1-1
2024-05-09 10:04:07,232 INFO o.a.j.t.JMeterThread: Thread finished: activity6 1-1
2024-05-09 10:04:07,232 INFO o.a.j.e.StandardJMeterEngine: Notifying test listeners of end of test
2024-05-09 10:04:07,232 INFO o.a.j.g.u.JMeterMenuBar: setRunning(false, *local*)
2024-05-09 10:04:08,030 INFO o.a.j.e.StandardJMeterEngine: Running the test!
2024-05-09 10:04:08,046 INFO o.a.j.s.SampleEvent: List of sample_variables: []
2024-05-09 10:04:08,046 INFO o.a.j.g.u.JMeterMenuBar: setRunning(true, *local*)
2024-05-09 10:04:08,115 INFO o.a.j.e.StandardJMeterEngine: Starting ThreadGroup: 1 : activity6
2024-05-09 10:04:08,115 INFO o.a.j.e.StandardJMeterEngine: Starting 1 threads for group activity6.
2024-05-09 10:04:08,115 INFO o.a.j.e.StandardJMeterEngine: Thread will continue on error
2024-05-09 10:04:08,115 INFO o.a.j.t.ThreadGroup: Starting thread group... number=1 threads=1 ramp-up=1 delayedStart=false
2024-05-09 10:04:08,115 INFO o.a.j.t.ThreadGroup: Started thread group number 1
2024-05-09 10:04:08,115 INFO o.a.j.e.StandardJMeterEngine: All thread groups have been started
2024-05-09 10:04:08,115 INFO o.a.j.t.JMeterThread: Thread started: activity6 1-1
2024-05-09 10:04:08,115 INFO o.a.j.t.JMeterThread: Thread is done: activity6 1-1
2024-05-09 10:04:08,115 INFO o.a.j.t.JMeterThread: Thread finished: activity6 1-1
2024-05-09 10:04:08,115 INFO o.a.j.e.StandardJMeterEngine: Notifying test listeners of end of test
2024-05-09 10:04:08,115 INFO o.a.j.g.u.JMeterMenuBar: setRunning(false, *local*)
2024-05-09 10:04:32,801 INFO o.a.j.e.StandardJMeterEngine: Running the test!
2024-05-09 10:04:32,801 INFO o.a.j.s.SampleEvent: List of sample_variables: []
2024-05-09 10:04:32,801 INFO o.a.j.g.u.JMeterMenuBar: setRunning(true, *local*)
2024-05-09 10:04:32,864 INFO o.a.j.e.StandardJMeterEngine: Starting ThreadGroup: 1 : activity6
2024-05-09 10:04:32,864 INFO o.a.j.e.StandardJMeterEngine: Starting 1 threads for group activity6.
2024-05-09 10:04:32,864 INFO o.a.j.e.StandardJMeterEngine: Thread will continue on error
2024-05-09 10:04:32,864 INFO o.a.j.t.ThreadGroup: Starting thread group... number=1 threads=1 ramp-up=1 delayedStart=false
2024-05-09 10:04:32,864 INFO o.a.j.t.ThreadGroup: Started thread group number 1
2024-05-09 10:04:32,864 INFO o.a.j.e.StandardJMeterEngine: All thread groups have been started
2024-05-09 10:04:32,864 INFO o.a.j.t.JMeterThread: Thread started: activity6 1-1
2024-05-09 10:04:32,864 INFO o.a.j.t.JMeterThread: Thread is done: activity6 1-1
2024-05-09 10:04:32,864 INFO o.a.j.t.JMeterThread: Thread finished: activity6 1-1
2024-05-09 10:04:32,864 INFO o.a.j.e.StandardJMeterEngine: Notifying test listeners of end of test
2024-05-09 10:04:32,864 INFO o.a.j.g.u.JMeterMenuBar: setRunning(false, *local*)
2024-05-09 10:04:36,023 INFO o.a.j.e.StandardJMeterEngine: Running the test!
2024-05-09 10:04:36,023 INFO o.a.j.s.SampleEvent: List of sample_variables: []
2024-05-09 10:04:36,038 INFO o.a.j.g.u.JMeterMenuBar: setRunning(true, *local*)
2024-05-09 10:04:36,101 INFO o.a.j.e.StandardJMeterEngine: Starting ThreadGroup: 1 : activity6
2024-05-09 10:04:36,101 INFO o.a.j.e.StandardJMeterEngine: Starting 1 threads for group activity6.
2024-05-09 10:04:36,101 INFO o.a.j.e.StandardJMeterEngine: Thread will continue on error
2024-05-09 10:04:36,101 INFO o.a.j.t.ThreadGroup: Starting thread group... number=1 threads=1 ramp-up=1 delayedStart=false
2024-05-09 10:04:36,101 INFO o.a.j.t.ThreadGroup: Started thread group number 1
2024-05-09 10:04:36,101 INFO o.a.j.e.StandardJMeterEngine: All thread groups have been started
2024-05-09 10:04:36,101 INFO o.a.j.t.JMeterThread: Thread started: activity6 1-1
2024-05-09 10:04:36,101 INFO o.a.j.t.JMeterThread: Thread is done: activity6 1-1
2024-05-09 10:04:36,101 INFO o.a.j.t.JMeterThread: Thread finished: activity6 1-1
2024-05-09 10:04:36,101 INFO o.a.j.e.StandardJMeterEngine: Notifying test listeners of end of test
2024-05-09 10:04:36,101 INFO o.a.j.g.u.JMeterMenuBar: setRunning(false, *local*)
2024-05-09 10:04:41,861 INFO o.a.j.e.StandardJMeterEngine: Running the test!
2024-05-09 10:04:41,861 INFO o.a.j.s.SampleEvent: List of sample_variables: []
2024-05-09 10:04:41,861 INFO o.a.j.g.u.JMeterMenuBar: setRunning(true, *local*)
2024-05-09 10:04:41,920 INFO o.a.j.e.StandardJMeterEngine: Starting ThreadGroup: 1 : activity6
2024-05-09 10:04:41,920 INFO o.a.j.e.StandardJMeterEngine: Starting 1 threads for group activity6.
2024-05-09 10:04:41,920 INFO o.a.j.e.StandardJMeterEngine: Thread will continue on error
2024-05-09 10:04:41,920 INFO o.a.j.t.ThreadGroup: Starting thread group... number=1 threads=1 ramp-up=1 delayedStart=false
2024-05-09 10:04:41,920 INFO o.a.j.t.ThreadGroup: Started thread group number 1
2024-05-09 10:04:41,920 INFO o.a.j.e.StandardJMeterEngine: All thread groups have been started
2024-05-09 10:04:41,936 INFO o.a.j.t.JMeterThread: Thread started: activity6 1-1
2024-05-09 10:04:44,441 INFO o.a.j.t.JMeterThread: Thread is done: activity6 1-1
2024-05-09 10:04:44,441 INFO o.a.j.t.JMeterThread: Thread finished: activity6 1-1
2024-05-09 10:04:44,444 INFO o.a.j.e.StandardJMeterEngine: Notifying test listeners of end of test
2024-05-09 10:04:44,444 INFO o.a.j.g.u.JMeterMenuBar: setRunning(false, *local*)
2024-05-09 10:05:36,449 INFO o.a.j.e.StandardJMeterEngine: Running the test!
2024-05-09 10:05:36,449 INFO o.a.j.s.SampleEvent: List of sample_variables: []
2024-05-09 10:05:36,449 INFO o.a.j.g.u.JMeterMenuBar: setRunning(true, *local*)
2024-05-09 10:05:36,513 INFO o.a.j.e.StandardJMeterEngine: Starting ThreadGroup: 1 : activity6
2024-05-09 10:05:36,513 INFO o.a.j.e.StandardJMeterEngine: Starting 1 threads for group activity6.
2024-05-09 10:05:36,513 INFO o.a.j.e.StandardJMeterEngine: Thread will continue on error
2024-05-09 10:05:36,513 INFO o.a.j.t.ThreadGroup: Starting thread group... number=1 threads=1 ramp-up=1 delayedStart=false
2024-05-09 10:05:36,513 INFO o.a.j.t.ThreadGroup: Started thread group number 1
2024-05-09 10:05:36,513 INFO o.a.j.e.StandardJMeterEngine: All thread groups have been started
2024-05-09 10:05:36,513 INFO o.a.j.t.JMeterThread: Thread started: activity6 1-1
2024-05-09 10:05:36,671 INFO o.a.j.t.JMeterThread: Thread is done: activity6 1-1
2024-05-09 10:05:36,671 INFO o.a.j.t.JMeterThread: Thread finished: activity6 1-1
2024-05-09 10:05:36,671 INFO o.a.j.e.StandardJMeterEngine: Notifying test listeners of end of test
2024-05-09 10:05:36,671 INFO o.a.j.g.u.JMeterMenuBar: setRunning(false, *local*)
2024-05-09 10:05:45,059 INFO o.a.j.e.StandardJMeterEngine: Running the test!
2024-05-09 10:05:45,059 INFO o.a.j.s.SampleEvent: List of sample_variables: []
2024-05-09 10:05:45,059 INFO o.a.j.g.u.JMeterMenuBar: setRunning(true, *local*)
2024-05-09 10:05:45,142 INFO o.a.j.e.StandardJMeterEngine: Starting ThreadGroup: 1 : activity6
2024-05-09 10:05:45,142 INFO o.a.j.e.StandardJMeterEngine: Starting 1 threads for group activity6.
2024-05-09 10:05:45,142 INFO o.a.j.e.StandardJMeterEngine: Thread will continue on error
2024-05-09 10:05:45,142 INFO o.a.j.t.ThreadGroup: Starting thread group... number=1 threads=1 ramp-up=1 delayedStart=false
2024-05-09 10:05:45,142 INFO o.a.j.t.ThreadGroup: Started thread group number 1
2024-05-09 10:05:45,142 INFO o.a.j.e.StandardJMeterEngine: All thread groups have been started
2024-05-09 10:05:45,142 INFO o.a.j.t.JMeterThread: Thread started: activity6 1-1
2024-05-09 10:05:48,818 INFO o.a.j.t.JMeterThread: Thread is done: activity6 1-1
2024-05-09 10:05:48,818 INFO o.a.j.t.JMeterThread: Thread finished: activity6 1-1
2024-05-09 10:05:48,832 INFO o.a.j.e.StandardJMeterEngine: Notifying test listeners of end of test
2024-05-09 10:05:48,832 INFO o.a.j.g.u.JMeterMenuBar: setRunning(false, *local*)
2024-05-09 10:06:21,851 INFO o.a.j.e.StandardJMeterEngine: Running the test!
2024-05-09 10:06:21,851 INFO o.a.j.s.SampleEvent: List of sample_variables: []
2024-05-09 10:06:21,851 INFO o.a.j.g.u.JMeterMenuBar: setRunning(true, *local*)
2024-05-09 10:06:21,925 INFO o.a.j.e.StandardJMeterEngine: Starting ThreadGroup: 1 : activity6
2024-05-09 10:06:21,925 INFO o.a.j.e.StandardJMeterEngine: Starting 1 threads for group activity6.
2024-05-09 10:06:21,925 INFO o.a.j.e.StandardJMeterEngine: Thread will continue on error
2024-05-09 10:06:21,925 INFO o.a.j.t.ThreadGroup: Starting thread group... number=1 threads=1 ramp-up=1 delayedStart=false
2024-05-09 10:06:21,925 INFO o.a.j.t.ThreadGroup: Started thread group number 1
2024-05-09 10:06:21,925 INFO o.a.j.e.StandardJMeterEngine: All thread groups have been started
2024-05-09 10:06:21,925 INFO o.a.j.t.JMeterThread: Thread started: activity6 1-1
2024-05-09 10:06:25,579 INFO o.a.j.t.JMeterThread: Thread is done: activity6 1-1
2024-05-09 10:06:25,579 INFO o.a.j.t.JMeterThread: Thread finished: activity6 1-1
2024-05-09 10:06:25,583 INFO o.a.j.e.StandardJMeterEngine: Notifying test listeners of end of test
2024-05-09 10:06:25,583 INFO o.a.j.g.u.JMeterMenuBar: setRunning(false, *local*)
2024-05-09 10:08:48,802 INFO o.a.j.e.StandardJMeterEngine: Running the test!
2024-05-09 10:08:48,802 INFO o.a.j.s.SampleEvent: List of sample_variables: []
2024-05-09 10:08:48,802 INFO o.a.j.g.u.JMeterMenuBar: setRunning(true, *local*)
2024-05-09 10:08:48,896 INFO o.a.j.e.StandardJMeterEngine: Starting ThreadGroup: 1 : activity6
2024-05-09 10:08:48,896 INFO o.a.j.e.StandardJMeterEngine: Starting 1 threads for group activity6.
2024-05-09 10:08:48,896 INFO o.a.j.e.StandardJMeterEngine: Thread will continue on error
2024-05-09 10:08:48,896 INFO o.a.j.t.ThreadGroup: Starting thread group... number=1 threads=1 ramp-up=1 delayedStart=false
2024-05-09 10:08:48,896 INFO o.a.j.t.ThreadGroup: Started thread group number 1
2024-05-09 10:08:48,896 INFO o.a.j.e.StandardJMeterEngine: All thread groups have been started
2024-05-09 10:08:48,896 INFO o.a.j.t.JMeterThread: Thread started: activity6 1-1
2024-05-09 10:08:52,549 INFO o.a.j.t.JMeterThread: Thread is done: activity6 1-1
2024-05-09 10:08:52,549 INFO o.a.j.t.JMeterThread: Thread finished: activity6 1-1
2024-05-09 10:08:52,553 INFO o.a.j.e.StandardJMeterEngine: Notifying test listeners of end of test
2024-05-09 10:08:52,553 INFO o.a.j.g.u.JMeterMenuBar: setRunning(false, *local*)
2024-05-09 11:10:53,873 INFO o.a.j.e.StandardJMeterEngine: Running the test!
2024-05-09 11:10:53,873 INFO o.a.j.s.SampleEvent: List of sample_variables: []
2024-05-09 11:10:53,889 INFO o.a.j.g.u.JMeterMenuBar: setRunning(true, *local*)
2024-05-09 11:10:53,998 INFO o.a.j.e.StandardJMeterEngine: Starting ThreadGroup: 1 : ssh activity
2024-05-09 11:10:53,998 INFO o.a.j.e.StandardJMeterEngine: Starting 1 threads for group ssh activity.
2024-05-09 11:10:53,998 INFO o.a.j.e.StandardJMeterEngine: Thread will continue on error
2024-05-09 11:10:53,998 INFO o.a.j.t.ThreadGroup: Starting thread group... number=1 threads=1 ramp-up=1 delayedStart=false
2024-05-09 11:10:53,998 INFO o.a.j.t.ThreadGroup: Started thread group number 1
2024-05-09 11:10:54,014 INFO o.a.j.e.StandardJMeterEngine: All thread groups have been started
2024-05-09 11:10:54,019 INFO o.a.j.t.JMeterThread: Thread started: ssh activity 1-1
2024-05-09 11:10:54,079 INFO o.a.j.t.JMeterThread: Thread is done: ssh activity 1-1
2024-05-09 11:10:54,079 INFO o.a.j.t.JMeterThread: Thread finished: ssh activity 1-1
2024-05-09 11:10:54,079 INFO o.a.j.e.StandardJMeterEngine: Notifying test listeners of end of test
2024-05-09 11:10:54,079 INFO o.a.j.g.u.JMeterMenuBar: setRunning(false, *local*)
2024-05-09 11:12:34,308 INFO o.a.j.e.StandardJMeterEngine: Running the test!
2024-05-09 11:12:34,310 INFO o.a.j.s.SampleEvent: List of sample_variables: []
2024-05-09 11:12:34,310 INFO o.a.j.g.u.JMeterMenuBar: setRunning(true, *local*)
2024-05-09 11:12:34,387 INFO o.a.j.e.StandardJMeterEngine: Starting ThreadGroup: 1 : ssh activity
2024-05-09 11:12:34,387 INFO o.a.j.e.StandardJMeterEngine: Starting 1 threads for group ssh activity.
2024-05-09 11:12:34,387 INFO o.a.j.e.StandardJMeterEngine: Thread will continue on error
2024-05-09 11:12:34,387 INFO o.a.j.t.ThreadGroup: Starting thread group... number=1 threads=1 ramp-up=1 delayedStart=false
2024-05-09 11:12:34,387 INFO o.a.j.t.ThreadGroup: Started thread group number 1
2024-05-09 11:12:34,387 INFO o.a.j.e.StandardJMeterEngine: All thread groups have been started
2024-05-09 11:12:34,387 INFO o.a.j.t.JMeterThread: Thread started: ssh activity 1-1
2024-05-09 11:12:34,909 INFO o.a.j.t.JMeterThread: Thread is done: ssh activity 1-1
2024-05-09 11:12:34,909 INFO o.a.j.t.JMeterThread: Thread finished: ssh activity 1-1
2024-05-09 11:12:34,909 INFO o.a.j.e.StandardJMeterEngine: Notifying test listeners of end of test
2024-05-09 11:12:34,909 INFO o.a.j.g.u.JMeterMenuBar: setRunning(false, *local*)
2024-05-09 11:15:25,425 INFO o.a.j.e.StandardJMeterEngine: Running the test!
2024-05-09 11:15:25,425 INFO o.a.j.s.SampleEvent: List of sample_variables: []
2024-05-09 11:15:25,425 INFO o.a.j.g.u.JMeterMenuBar: setRunning(true, *local*)
2024-05-09 11:15:25,514 INFO o.a.j.e.StandardJMeterEngine: Starting ThreadGroup: 1 : ssh activity
2024-05-09 11:15:25,514 INFO o.a.j.e.StandardJMeterEngine: Starting 1 threads for group ssh activity.
2024-05-09 11:15:25,514 INFO o.a.j.e.StandardJMeterEngine: Thread will continue on error
2024-05-09 11:15:25,514 INFO o.a.j.t.ThreadGroup: Starting thread group... number=1 threads=1 ramp-up=1 delayedStart=false
2024-05-09 11:15:25,514 INFO o.a.j.t.ThreadGroup: Started thread group number 1
2024-05-09 11:15:25,514 INFO o.a.j.e.StandardJMeterEngine: All thread groups have been started
2024-05-09 11:15:25,514 INFO o.a.j.t.JMeterThread: Thread started: ssh activity 1-1
2024-05-09 11:15:26,115 INFO o.a.j.t.JMeterThread: Thread is done: ssh activity 1-1
2024-05-09 11:15:26,115 INFO o.a.j.t.JMeterThread: Thread finished: ssh activity 1-1
2024-05-09 11:15:26,115 INFO o.a.j.e.StandardJMeterEngine: Notifying test listeners of end of test
2024-05-09 11:15:26,115 INFO o.a.j.g.u.JMeterMenuBar: setRunning(false, *local*)
2024-05-09 11:47:12,585 INFO o.a.j.e.StandardJMeterEngine: Running the test!
2024-05-09 11:47:12,585 INFO o.a.j.s.SampleEvent: List of sample_variables: []
2024-05-09 11:47:12,585 INFO o.a.j.g.u.JMeterMenuBar: setRunning(true, *local*)
2024-05-09 11:47:12,669 INFO o.a.j.e.StandardJMeterEngine: Starting ThreadGroup: 1 : ssh activity
2024-05-09 11:47:12,669 INFO o.a.j.e.StandardJMeterEngine: Starting 1 threads for group ssh activity.
2024-05-09 11:47:12,669 INFO o.a.j.e.StandardJMeterEngine: Thread will continue on error
2024-05-09 11:47:12,669 INFO o.a.j.t.ThreadGroup: Starting thread group... number=1 threads=1 ramp-up=1 delayedStart=false
2024-05-09 11:47:12,669 INFO o.a.j.t.ThreadGroup: Started thread group number 1
2024-05-09 11:47:12,669 INFO o.a.j.e.StandardJMeterEngine: All thread groups have been started
2024-05-09 11:47:12,669 INFO o.a.j.t.JMeterThread: Thread started: ssh activity 1-1
2024-05-09 11:47:13,737 INFO o.a.j.t.JMeterThread: Thread is done: ssh activity 1-1
2024-05-09 11:47:13,737 INFO o.a.j.t.JMeterThread: Thread finished: ssh activity 1-1
2024-05-09 11:47:13,737 INFO o.a.j.e.StandardJMeterEngine: Notifying test listeners of end of test
2024-05-09 11:47:13,737 INFO o.a.j.g.u.JMeterMenuBar: setRunning(false, *local*)
2024-05-09 11:52:14,302 ERROR o.a.j.JMeter: Uncaught exception in thread Thread[AWT-EventQueue-0,6,main]
java.lang.IllegalArgumentException: Row index out of range
	at java.desktop/javax.swing.JTable.boundRow(JTable.java:2207) ~[?:?]
	at java.desktop/javax.swing.JTable.setRowSelectionInterval(JTable.java:2230) ~[?:?]
	at org.apache.jmeter.protocol.http.gui.HeaderPanel.deleteRows(HeaderPanel.java:174) ~[ApacheJMeter_http.jar:5.6.3]
	at org.apache.jmeter.protocol.http.gui.HeaderPanel.actionPerformed(HeaderPanel.java:184) ~[ApacheJMeter_http.jar:5.6.3]
	at java.desktop/javax.swing.AbstractButton.fireActionPerformed(AbstractButton.java:1972) ~[?:?]
	at java.desktop/javax.swing.AbstractButton$Handler.actionPerformed(AbstractButton.java:2313) ~[?:?]
	at java.desktop/javax.swing.DefaultButtonModel.fireActionPerformed(DefaultButtonModel.java:405) ~[?:?]
	at java.desktop/javax.swing.DefaultButtonModel.setPressed(DefaultButtonModel.java:262) ~[?:?]
	at java.desktop/javax.swing.plaf.basic.BasicButtonListener.mouseReleased(BasicButtonListener.java:279) ~[?:?]
	at com.github.weisj.darklaf.ui.button.DarkButtonListener.mouseReleased(DarkButtonListener.java:72) ~[darklaf-core-2.7.3.jar:2.7.3]
	at java.desktop/java.awt.Component.processMouseEvent(Component.java:6626) ~[?:?]
	at java.desktop/javax.swing.JComponent.processMouseEvent(JComponent.java:3389) ~[?:?]
	at java.desktop/java.awt.Component.processEvent(Component.java:6391) ~[?:?]
	at java.desktop/java.awt.Container.processEvent(Container.java:2266) ~[?:?]
	at java.desktop/java.awt.Component.dispatchEventImpl(Component.java:5001) ~[?:?]
	at java.desktop/java.awt.Container.dispatchEventImpl(Container.java:2324) ~[?:?]
	at java.desktop/java.awt.Component.dispatchEvent(Component.java:4833) ~[?:?]
	at java.desktop/java.awt.LightweightDispatcher.retargetMouseEvent(Container.java:4948) ~[?:?]
	at java.desktop/java.awt.LightweightDispatcher.processMouseEvent(Container.java:4575) ~[?:?]
	at java.desktop/java.awt.LightweightDispatcher.dispatchEvent(Container.java:4516) ~[?:?]
	at java.desktop/java.awt.Container.dispatchEventImpl(Container.java:2310) ~[?:?]
	at java.desktop/java.awt.Window.dispatchEventImpl(Window.java:2780) ~[?:?]
	at java.desktop/java.awt.Component.dispatchEvent(Component.java:4833) ~[?:?]
	at java.desktop/java.awt.EventQueue.dispatchEventImpl(EventQueue.java:773) ~[?:?]
	at java.desktop/java.awt.EventQueue$4.run(EventQueue.java:722) ~[?:?]
	at java.desktop/java.awt.EventQueue$4.run(EventQueue.java:716) ~[?:?]
	at java.base/java.security.AccessController.doPrivileged(AccessController.java:399) ~[?:?]
	at java.base/java.security.ProtectionDomain$JavaSecurityAccessImpl.doIntersectionPrivilege(ProtectionDomain.java:86) ~[?:?]
	at java.base/java.security.ProtectionDomain$JavaSecurityAccessImpl.doIntersectionPrivilege(ProtectionDomain.java:97) ~[?:?]
	at java.desktop/java.awt.EventQueue$5.run(EventQueue.java:746) ~[?:?]
	at java.desktop/java.awt.EventQueue$5.run(EventQueue.java:744) ~[?:?]
	at java.base/java.security.AccessController.doPrivileged(AccessController.java:399) ~[?:?]
	at java.base/java.security.ProtectionDomain$JavaSecurityAccessImpl.doIntersectionPrivilege(ProtectionDomain.java:86) ~[?:?]
	at java.desktop/java.awt.EventQueue.dispatchEvent(EventQueue.java:743) ~[?:?]
	at java.desktop/java.awt.EventDispatchThread.pumpOneEventForFilters(EventDispatchThread.java:203) [?:?]
	at java.desktop/java.awt.EventDispatchThread.pumpEventsForFilter(EventDispatchThread.java:124) [?:?]
	at java.desktop/java.awt.EventDispatchThread.pumpEventsForHierarchy(EventDispatchThread.java:113) [?:?]
	at java.desktop/java.awt.EventDispatchThread.pumpEvents(EventDispatchThread.java:109) [?:?]
	at java.desktop/java.awt.EventDispatchThread.pumpEvents(EventDispatchThread.java:101) [?:?]
	at java.desktop/java.awt.EventDispatchThread.run(EventDispatchThread.java:90) [?:?]
2024-05-09 11:54:30,212 INFO o.a.j.e.StandardJMeterEngine: Running the test!
2024-05-09 11:54:30,213 INFO o.a.j.s.SampleEvent: List of sample_variables: []
2024-05-09 11:54:30,213 INFO o.a.j.g.u.JMeterMenuBar: setRunning(true, *local*)
2024-05-09 11:54:30,302 INFO o.a.j.e.StandardJMeterEngine: Starting ThreadGroup: 1 : ssh activity
2024-05-09 11:54:30,302 INFO o.a.j.e.StandardJMeterEngine: Starting 1 threads for group ssh activity.
2024-05-09 11:54:30,302 INFO o.a.j.e.StandardJMeterEngine: Thread will continue on error
2024-05-09 11:54:30,302 INFO o.a.j.t.ThreadGroup: Starting thread group... number=1 threads=1 ramp-up=1 delayedStart=false
2024-05-09 11:54:30,302 INFO o.a.j.t.ThreadGroup: Started thread group number 1
2024-05-09 11:54:30,302 INFO o.a.j.e.StandardJMeterEngine: All thread groups have been started
2024-05-09 11:54:30,302 INFO o.a.j.t.JMeterThread: Thread started: ssh activity 1-1
2024-05-09 11:54:31,432 INFO o.a.j.t.JMeterThread: Thread is done: ssh activity 1-1
2024-05-09 11:54:31,432 INFO o.a.j.t.JMeterThread: Thread finished: ssh activity 1-1
2024-05-09 11:54:31,435 INFO o.a.j.e.StandardJMeterEngine: Notifying test listeners of end of test
2024-05-09 11:54:31,435 INFO o.a.j.g.u.JMeterMenuBar: setRunning(false, *local*)
2024-05-09 11:55:50,800 INFO o.a.j.e.StandardJMeterEngine: Running the test!
2024-05-09 11:55:50,800 INFO o.a.j.s.SampleEvent: List of sample_variables: []
2024-05-09 11:55:50,800 INFO o.a.j.g.u.JMeterMenuBar: setRunning(true, *local*)
2024-05-09 11:55:50,881 INFO o.a.j.e.StandardJMeterEngine: Starting ThreadGroup: 1 : ssh activity
2024-05-09 11:55:50,881 INFO o.a.j.e.StandardJMeterEngine: Starting 5 threads for group ssh activity.
2024-05-09 11:55:50,881 INFO o.a.j.e.StandardJMeterEngine: Thread will continue on error
2024-05-09 11:55:50,881 INFO o.a.j.t.ThreadGroup: Starting thread group... number=1 threads=5 ramp-up=1 delayedStart=false
2024-05-09 11:55:50,887 INFO o.a.j.t.JMeterThread: Thread started: ssh activity 1-1
2024-05-09 11:55:50,887 INFO o.a.j.t.ThreadGroup: Started thread group number 1
2024-05-09 11:55:50,889 INFO o.a.j.e.StandardJMeterEngine: All thread groups have been started
2024-05-09 11:55:51,095 INFO o.a.j.t.JMeterThread: Thread started: ssh activity 1-2
2024-05-09 11:55:51,301 INFO o.a.j.t.JMeterThread: Thread started: ssh activity 1-3
2024-05-09 11:55:51,492 INFO o.a.j.t.JMeterThread: Thread started: ssh activity 1-4
2024-05-09 11:55:51,700 INFO o.a.j.t.JMeterThread: Thread started: ssh activity 1-5
2024-05-09 11:56:00,788 INFO o.a.j.t.JMeterThread: Thread is done: ssh activity 1-3
2024-05-09 11:56:00,788 INFO o.a.j.t.JMeterThread: Thread finished: ssh activity 1-3
2024-05-09 11:56:07,845 INFO o.a.j.t.JMeterThread: Thread is done: ssh activity 1-1
2024-05-09 11:56:07,845 INFO o.a.j.t.JMeterThread: Thread finished: ssh activity 1-1
2024-05-09 11:56:11,711 INFO o.a.j.t.JMeterThread: Thread is done: ssh activity 1-5
2024-05-09 11:56:11,711 INFO o.a.j.t.JMeterThread: Thread finished: ssh activity 1-5
2024-05-09 11:56:14,610 INFO o.a.j.t.JMeterThread: Thread is done: ssh activity 1-2
2024-05-09 11:56:14,610 INFO o.a.j.t.JMeterThread: Thread finished: ssh activity 1-2
2024-05-09 11:56:15,606 INFO o.a.j.t.JMeterThread: Thread is done: ssh activity 1-4
2024-05-09 11:56:15,606 INFO o.a.j.t.JMeterThread: Thread finished: ssh activity 1-4
2024-05-09 11:56:15,606 INFO o.a.j.e.StandardJMeterEngine: Notifying test listeners of end of test
2024-05-09 11:56:15,606 INFO o.a.j.g.u.JMeterMenuBar: setRunning(false, *local*)
2024-05-09 11:57:14,109 INFO o.a.j.e.StandardJMeterEngine: Running the test!
2024-05-09 11:57:14,109 INFO o.a.j.s.SampleEvent: List of sample_variables: []
2024-05-09 11:57:14,109 INFO o.a.j.g.u.JMeterMenuBar: setRunning(true, *local*)
2024-05-09 11:57:14,201 INFO o.a.j.e.StandardJMeterEngine: Starting ThreadGroup: 1 : ssh activity
2024-05-09 11:57:14,201 INFO o.a.j.e.StandardJMeterEngine: Starting 1 threads for group ssh activity.
2024-05-09 11:57:14,201 INFO o.a.j.e.StandardJMeterEngine: Thread will continue on error
2024-05-09 11:57:14,201 INFO o.a.j.t.ThreadGroup: Starting thread group... number=1 threads=1 ramp-up=1 delayedStart=false
2024-05-09 11:57:14,201 INFO o.a.j.t.ThreadGroup: Started thread group number 1
2024-05-09 11:57:14,201 INFO o.a.j.e.StandardJMeterEngine: All thread groups have been started
2024-05-09 11:57:14,201 INFO o.a.j.t.JMeterThread: Thread started: ssh activity 1-1
2024-05-09 11:57:15,445 INFO o.a.j.t.JMeterThread: Thread is done: ssh activity 1-1
2024-05-09 11:57:15,445 INFO o.a.j.t.JMeterThread: Thread finished: ssh activity 1-1
2024-05-09 11:57:15,445 INFO o.a.j.e.StandardJMeterEngine: Notifying test listeners of end of test
2024-05-09 11:57:15,445 INFO o.a.j.g.u.JMeterMenuBar: setRunning(false, *local*)
2024-05-09 12:02:50,688 INFO o.a.j.e.StandardJMeterEngine: Running the test!
2024-05-09 12:02:50,704 INFO o.a.j.s.SampleEvent: List of sample_variables: []
2024-05-09 12:02:50,704 INFO o.a.j.g.u.JMeterMenuBar: setRunning(true, *local*)
2024-05-09 12:02:50,777 INFO o.a.j.e.StandardJMeterEngine: Starting ThreadGroup: 1 : ssh activity
2024-05-09 12:02:50,777 INFO o.a.j.e.StandardJMeterEngine: Starting 1 threads for group ssh activity.
2024-05-09 12:02:50,777 INFO o.a.j.e.StandardJMeterEngine: Thread will continue on error
2024-05-09 12:02:50,777 INFO o.a.j.t.ThreadGroup: Starting thread group... number=1 threads=1 ramp-up=1 delayedStart=false
2024-05-09 12:02:50,777 INFO o.a.j.t.ThreadGroup: Started thread group number 1
2024-05-09 12:02:50,777 INFO o.a.j.e.StandardJMeterEngine: All thread groups have been started
2024-05-09 12:02:50,777 INFO o.a.j.t.JMeterThread: Thread started: ssh activity 1-1
2024-05-09 12:02:51,908 INFO o.a.j.t.JMeterThread: Thread is done: ssh activity 1-1
2024-05-09 12:02:51,908 INFO o.a.j.t.JMeterThread: Thread finished: ssh activity 1-1
2024-05-09 12:02:51,908 INFO o.a.j.e.StandardJMeterEngine: Notifying test listeners of end of test
2024-05-09 12:02:51,908 INFO o.a.j.g.u.JMeterMenuBar: setRunning(false, *local*)
2024-05-09 12:07:01,915 INFO o.a.j.e.StandardJMeterEngine: Running the test!
2024-05-09 12:07:01,915 INFO o.a.j.s.SampleEvent: List of sample_variables: []
2024-05-09 12:07:01,915 INFO o.a.j.g.u.JMeterMenuBar: setRunning(true, *local*)
2024-05-09 12:07:02,010 INFO o.a.j.e.StandardJMeterEngine: Starting ThreadGroup: 1 : ssh activity
2024-05-09 12:07:02,010 INFO o.a.j.e.StandardJMeterEngine: Starting 1 threads for group ssh activity.
2024-05-09 12:07:02,010 INFO o.a.j.e.StandardJMeterEngine: Thread will continue on error
2024-05-09 12:07:02,010 INFO o.a.j.t.ThreadGroup: Starting thread group... number=1 threads=1 ramp-up=1 delayedStart=false
2024-05-09 12:07:02,010 INFO o.a.j.t.ThreadGroup: Started thread group number 1
2024-05-09 12:07:02,010 INFO o.a.j.e.StandardJMeterEngine: All thread groups have been started
2024-05-09 12:07:02,010 INFO o.a.j.t.JMeterThread: Thread started: ssh activity 1-1
2024-05-09 12:07:03,211 INFO o.a.j.t.JMeterThread: Thread is done: ssh activity 1-1
2024-05-09 12:07:03,211 INFO o.a.j.t.JMeterThread: Thread finished: ssh activity 1-1
2024-05-09 12:07:03,211 INFO o.a.j.e.StandardJMeterEngine: Notifying test listeners of end of test
2024-05-09 12:07:03,211 INFO o.a.j.g.u.JMeterMenuBar: setRunning(false, *local*)
2024-05-09 12:09:11,282 INFO o.a.j.e.StandardJMeterEngine: Running the test!
2024-05-09 12:09:11,282 INFO o.a.j.s.SampleEvent: List of sample_variables: []
2024-05-09 12:09:11,282 INFO o.a.j.g.u.JMeterMenuBar: setRunning(true, *local*)
2024-05-09 12:09:11,359 INFO o.a.j.e.StandardJMeterEngine: Starting ThreadGroup: 1 : ssh activity
2024-05-09 12:09:11,359 INFO o.a.j.e.StandardJMeterEngine: Starting 1 threads for group ssh activity.
2024-05-09 12:09:11,359 INFO o.a.j.e.StandardJMeterEngine: Thread will continue on error
2024-05-09 12:09:11,359 INFO o.a.j.t.ThreadGroup: Starting thread group... number=1 threads=1 ramp-up=1 delayedStart=false
2024-05-09 12:09:11,359 INFO o.a.j.t.ThreadGroup: Started thread group number 1
2024-05-09 12:09:11,359 INFO o.a.j.e.StandardJMeterEngine: All thread groups have been started
2024-05-09 12:09:11,359 INFO o.a.j.t.JMeterThread: Thread started: ssh activity 1-1
2024-05-09 12:09:12,654 INFO o.a.j.t.JMeterThread: Thread is done: ssh activity 1-1
2024-05-09 12:09:12,654 INFO o.a.j.t.JMeterThread: Thread finished: ssh activity 1-1
2024-05-09 12:09:12,657 INFO o.a.j.e.StandardJMeterEngine: Notifying test listeners of end of test
2024-05-09 12:09:12,657 INFO o.a.j.g.u.JMeterMenuBar: setRunning(false, *local*)
2024-05-09 12:09:27,585 INFO o.a.j.e.StandardJMeterEngine: Running the test!
2024-05-09 12:09:27,585 INFO o.a.j.s.SampleEvent: List of sample_variables: []
2024-05-09 12:09:27,585 INFO o.a.j.g.u.JMeterMenuBar: setRunning(true, *local*)
2024-05-09 12:09:27,665 INFO o.a.j.e.StandardJMeterEngine: Starting ThreadGroup: 1 : ssh activity
2024-05-09 12:09:27,668 INFO o.a.j.e.StandardJMeterEngine: Starting 1 threads for group ssh activity.
2024-05-09 12:09:27,668 INFO o.a.j.e.StandardJMeterEngine: Thread will continue on error
2024-05-09 12:09:27,668 INFO o.a.j.t.ThreadGroup: Starting thread group... number=1 threads=1 ramp-up=1 delayedStart=false
2024-05-09 12:09:27,668 INFO o.a.j.t.ThreadGroup: Started thread group number 1
2024-05-09 12:09:27,668 INFO o.a.j.e.StandardJMeterEngine: All thread groups have been started
2024-05-09 12:09:27,668 INFO o.a.j.t.JMeterThread: Thread started: ssh activity 1-1
2024-05-09 12:09:28,717 INFO o.a.j.t.JMeterThread: Thread is done: ssh activity 1-1
2024-05-09 12:09:28,717 INFO o.a.j.t.JMeterThread: Thread finished: ssh activity 1-1
2024-05-09 12:09:28,733 INFO o.a.j.e.StandardJMeterEngine: Notifying test listeners of end of test
2024-05-09 12:09:28,733 INFO o.a.j.g.u.JMeterMenuBar: setRunning(false, *local*)
2024-05-09 12:09:54,252 INFO o.a.j.e.StandardJMeterEngine: Running the test!
2024-05-09 12:09:54,252 INFO o.a.j.s.SampleEvent: List of sample_variables: []
2024-05-09 12:09:54,252 INFO o.a.j.g.u.JMeterMenuBar: setRunning(true, *local*)
2024-05-09 12:09:54,314 INFO o.a.j.e.StandardJMeterEngine: Starting ThreadGroup: 1 : ssh activity
2024-05-09 12:09:54,314 INFO o.a.j.e.StandardJMeterEngine: Starting 1 threads for group ssh activity.
2024-05-09 12:09:54,314 INFO o.a.j.e.StandardJMeterEngine: Thread will continue on error
2024-05-09 12:09:54,314 INFO o.a.j.t.ThreadGroup: Starting thread group... number=1 threads=1 ramp-up=1 delayedStart=false
2024-05-09 12:09:54,314 INFO o.a.j.t.ThreadGroup: Started thread group number 1
2024-05-09 12:09:54,314 INFO o.a.j.e.StandardJMeterEngine: All thread groups have been started
2024-05-09 12:09:54,314 INFO o.a.j.t.JMeterThread: Thread started: ssh activity 1-1
2024-05-09 12:09:55,440 INFO o.a.j.t.JMeterThread: Thread is done: ssh activity 1-1
2024-05-09 12:09:55,440 INFO o.a.j.t.JMeterThread: Thread finished: ssh activity 1-1
2024-05-09 12:09:55,445 INFO o.a.j.e.StandardJMeterEngine: Notifying test listeners of end of test
2024-05-09 12:09:55,445 INFO o.a.j.g.u.JMeterMenuBar: setRunning(false, *local*)
2024-05-09 12:14:02,174 INFO o.a.j.e.StandardJMeterEngine: Running the test!
2024-05-09 12:14:02,174 INFO o.a.j.s.SampleEvent: List of sample_variables: []
2024-05-09 12:14:02,174 INFO o.a.j.g.u.JMeterMenuBar: setRunning(true, *local*)
2024-05-09 12:14:02,273 INFO o.a.j.e.StandardJMeterEngine: Starting ThreadGroup: 1 : ssh activity
2024-05-09 12:14:02,273 INFO o.a.j.e.StandardJMeterEngine: Starting 1 threads for group ssh activity.
2024-05-09 12:14:02,273 INFO o.a.j.e.StandardJMeterEngine: Thread will continue on error
2024-05-09 12:14:02,273 INFO o.a.j.t.ThreadGroup: Starting thread group... number=1 threads=1 ramp-up=1 delayedStart=false
2024-05-09 12:14:02,273 INFO o.a.j.t.ThreadGroup: Started thread group number 1
2024-05-09 12:14:02,273 INFO o.a.j.e.StandardJMeterEngine: All thread groups have been started
2024-05-09 12:14:02,273 INFO o.a.j.t.JMeterThread: Thread started: ssh activity 1-1
2024-05-09 12:14:03,466 INFO o.a.j.t.JMeterThread: Thread is done: ssh activity 1-1
2024-05-09 12:14:03,466 INFO o.a.j.t.JMeterThread: Thread finished: ssh activity 1-1
2024-05-09 12:14:03,466 INFO o.a.j.e.StandardJMeterEngine: Notifying test listeners of end of test
2024-05-09 12:14:03,466 INFO o.a.j.g.u.JMeterMenuBar: setRunning(false, *local*)
2024-05-09 12:14:24,769 INFO o.a.j.e.StandardJMeterEngine: Running the test!
2024-05-09 12:14:24,769 INFO o.a.j.s.SampleEvent: List of sample_variables: []
2024-05-09 12:14:24,769 INFO o.a.j.g.u.JMeterMenuBar: setRunning(true, *local*)
2024-05-09 12:14:24,837 INFO o.a.j.e.StandardJMeterEngine: Starting ThreadGroup: 1 : ssh activity
2024-05-09 12:14:24,837 INFO o.a.j.e.StandardJMeterEngine: Starting 1 threads for group ssh activity.
2024-05-09 12:14:24,837 INFO o.a.j.e.StandardJMeterEngine: Thread will continue on error
2024-05-09 12:14:24,837 INFO o.a.j.t.ThreadGroup: Starting thread group... number=1 threads=1 ramp-up=1 delayedStart=false
2024-05-09 12:14:24,837 INFO o.a.j.t.ThreadGroup: Started thread group number 1
2024-05-09 12:14:24,837 INFO o.a.j.e.StandardJMeterEngine: All thread groups have been started
2024-05-09 12:14:24,837 INFO o.a.j.t.JMeterThread: Thread started: ssh activity 1-1
2024-05-09 12:14:26,102 INFO o.a.j.t.JMeterThread: Thread is done: ssh activity 1-1
2024-05-09 12:14:26,102 INFO o.a.j.t.JMeterThread: Thread finished: ssh activity 1-1
2024-05-09 12:14:26,110 INFO o.a.j.e.StandardJMeterEngine: Notifying test listeners of end of test
2024-05-09 12:14:26,110 INFO o.a.j.g.u.JMeterMenuBar: setRunning(false, *local*)
2024-05-09 12:16:21,966 INFO o.a.j.e.StandardJMeterEngine: Running the test!
2024-05-09 12:16:21,966 INFO o.a.j.s.SampleEvent: List of sample_variables: []
2024-05-09 12:16:21,966 INFO o.a.j.g.u.JMeterMenuBar: setRunning(true, *local*)
2024-05-09 12:16:22,061 INFO o.a.j.e.StandardJMeterEngine: Starting ThreadGroup: 1 : ssh activity
2024-05-09 12:16:22,061 INFO o.a.j.e.StandardJMeterEngine: Starting 1 threads for group ssh activity.
2024-05-09 12:16:22,061 INFO o.a.j.e.StandardJMeterEngine: Thread will continue on error
2024-05-09 12:16:22,061 INFO o.a.j.t.ThreadGroup: Starting thread group... number=1 threads=1 ramp-up=1 delayedStart=false
2024-05-09 12:16:22,061 INFO o.a.j.t.ThreadGroup: Started thread group number 1
2024-05-09 12:16:22,061 INFO o.a.j.e.StandardJMeterEngine: All thread groups have been started
2024-05-09 12:16:22,074 INFO o.a.j.t.JMeterThread: Thread started: ssh activity 1-1
2024-05-09 12:16:23,591 INFO o.a.j.t.JMeterThread: Thread is done: ssh activity 1-1
2024-05-09 12:16:23,591 INFO o.a.j.t.JMeterThread: Thread finished: ssh activity 1-1
2024-05-09 12:16:23,591 INFO o.a.j.e.StandardJMeterEngine: Notifying test listeners of end of test
2024-05-09 12:16:23,591 INFO o.a.j.g.u.JMeterMenuBar: setRunning(false, *local*)
2024-05-09 12:18:47,395 INFO o.a.j.e.StandardJMeterEngine: Running the test!
2024-05-09 12:18:47,395 INFO o.a.j.s.SampleEvent: List of sample_variables: []
2024-05-09 12:18:47,395 INFO o.a.j.g.u.JMeterMenuBar: setRunning(true, *local*)
2024-05-09 12:18:47,487 INFO o.a.j.e.StandardJMeterEngine: Starting ThreadGroup: 1 : ssh activity
2024-05-09 12:18:47,487 INFO o.a.j.e.StandardJMeterEngine: Starting 1 threads for group ssh activity.
2024-05-09 12:18:47,487 INFO o.a.j.e.StandardJMeterEngine: Thread will continue on error
2024-05-09 12:18:47,487 INFO o.a.j.t.ThreadGroup: Starting thread group... number=1 threads=1 ramp-up=1 delayedStart=false
2024-05-09 12:18:47,487 INFO o.a.j.t.ThreadGroup: Started thread group number 1
2024-05-09 12:18:47,487 INFO o.a.j.e.StandardJMeterEngine: All thread groups have been started
2024-05-09 12:18:47,487 INFO o.a.j.t.JMeterThread: Thread started: ssh activity 1-1
2024-05-09 12:18:48,874 INFO o.a.j.t.JMeterThread: Thread is done: ssh activity 1-1
2024-05-09 12:18:48,874 INFO o.a.j.t.JMeterThread: Thread finished: ssh activity 1-1
2024-05-09 12:18:48,874 INFO o.a.j.e.StandardJMeterEngine: Notifying test listeners of end of test
2024-05-09 12:18:48,874 INFO o.a.j.g.u.JMeterMenuBar: setRunning(false, *local*)
2024-05-09 12:19:27,431 INFO o.a.j.e.StandardJMeterEngine: Running the test!
2024-05-09 12:19:27,431 INFO o.a.j.s.SampleEvent: List of sample_variables: []
2024-05-09 12:19:27,431 INFO o.a.j.g.u.JMeterMenuBar: setRunning(true, *local*)
2024-05-09 12:19:27,450 INFO o.a.j.e.StandardJMeterEngine: Starting ThreadGroup: 1 : ssh activity
2024-05-09 12:19:27,450 INFO o.a.j.e.StandardJMeterEngine: Starting 1 threads for group ssh activity.
2024-05-09 12:19:27,450 INFO o.a.j.e.StandardJMeterEngine: Thread will continue on error
2024-05-09 12:19:27,450 INFO o.a.j.t.ThreadGroup: Starting thread group... number=1 threads=1 ramp-up=1 delayedStart=false
2024-05-09 12:19:27,450 INFO o.a.j.t.ThreadGroup: Started thread group number 1
2024-05-09 12:19:27,450 INFO o.a.j.e.StandardJMeterEngine: All thread groups have been started
2024-05-09 12:19:27,450 INFO o.a.j.t.JMeterThread: Thread started: ssh activity 1-1
2024-05-09 12:19:28,477 INFO o.a.j.t.JMeterThread: Thread is done: ssh activity 1-1
2024-05-09 12:19:28,477 INFO o.a.j.t.JMeterThread: Thread finished: ssh activity 1-1
2024-05-09 12:19:28,477 INFO o.a.j.e.StandardJMeterEngine: Notifying test listeners of end of test
2024-05-09 12:19:28,477 INFO o.a.j.g.u.JMeterMenuBar: setRunning(false, *local*)
2024-05-09 12:20:17,824 INFO o.a.j.e.StandardJMeterEngine: Running the test!
2024-05-09 12:20:17,824 INFO o.a.j.s.SampleEvent: List of sample_variables: []
2024-05-09 12:20:17,824 INFO o.a.j.g.u.JMeterMenuBar: setRunning(true, *local*)
2024-05-09 12:20:17,917 INFO o.a.j.e.StandardJMeterEngine: Starting ThreadGroup: 1 : ssh activity
2024-05-09 12:20:17,917 INFO o.a.j.e.StandardJMeterEngine: Starting 1 threads for group ssh activity.
2024-05-09 12:20:17,917 INFO o.a.j.e.StandardJMeterEngine: Thread will continue on error
2024-05-09 12:20:17,917 INFO o.a.j.t.ThreadGroup: Starting thread group... number=1 threads=1 ramp-up=1 delayedStart=false
2024-05-09 12:20:17,917 INFO o.a.j.t.ThreadGroup: Started thread group number 1
2024-05-09 12:20:17,917 INFO o.a.j.e.StandardJMeterEngine: All thread groups have been started
2024-05-09 12:20:17,917 INFO o.a.j.t.JMeterThread: Thread started: ssh activity 1-1
2024-05-09 12:20:19,075 INFO o.a.j.t.JMeterThread: Thread is done: ssh activity 1-1
2024-05-09 12:20:19,075 INFO o.a.j.t.JMeterThread: Thread finished: ssh activity 1-1
2024-05-09 12:20:19,077 INFO o.a.j.e.StandardJMeterEngine: Notifying test listeners of end of test
2024-05-09 12:20:19,077 INFO o.a.j.g.u.JMeterMenuBar: setRunning(false, *local*)
2024-05-09 12:20:44,445 INFO o.a.j.e.StandardJMeterEngine: Running the test!
2024-05-09 12:20:44,445 INFO o.a.j.s.SampleEvent: List of sample_variables: []
2024-05-09 12:20:44,445 INFO o.a.j.g.u.JMeterMenuBar: setRunning(true, *local*)
2024-05-09 12:20:44,524 INFO o.a.j.e.StandardJMeterEngine: Starting ThreadGroup: 1 : ssh activity
2024-05-09 12:20:44,524 INFO o.a.j.e.StandardJMeterEngine: Starting 1 threads for group ssh activity.
2024-05-09 12:20:44,524 INFO o.a.j.e.StandardJMeterEngine: Thread will continue on error
2024-05-09 12:20:44,524 INFO o.a.j.t.ThreadGroup: Starting thread group... number=1 threads=1 ramp-up=1 delayedStart=false
2024-05-09 12:20:44,539 INFO o.a.j.t.ThreadGroup: Started thread group number 1
2024-05-09 12:20:44,539 INFO o.a.j.e.StandardJMeterEngine: All thread groups have been started
2024-05-09 12:20:44,541 INFO o.a.j.t.JMeterThread: Thread started: ssh activity 1-1
2024-05-09 12:20:45,570 INFO o.a.j.t.JMeterThread: Thread is done: ssh activity 1-1
2024-05-09 12:20:45,570 INFO o.a.j.t.JMeterThread: Thread finished: ssh activity 1-1
2024-05-09 12:20:45,583 INFO o.a.j.e.StandardJMeterEngine: Notifying test listeners of end of test
2024-05-09 12:20:45,583 INFO o.a.j.g.u.JMeterMenuBar: setRunning(false, *local*)
2024-05-09 12:21:18,257 INFO o.a.j.e.StandardJMeterEngine: Running the test!
2024-05-09 12:21:18,257 INFO o.a.j.s.SampleEvent: List of sample_variables: []
2024-05-09 12:21:18,257 INFO o.a.j.g.u.JMeterMenuBar: setRunning(true, *local*)
2024-05-09 12:21:18,336 INFO o.a.j.e.StandardJMeterEngine: Starting ThreadGroup: 1 : ssh activity
2024-05-09 12:21:18,336 INFO o.a.j.e.StandardJMeterEngine: Starting 1 threads for group ssh activity.
2024-05-09 12:21:18,336 INFO o.a.j.e.StandardJMeterEngine: Thread will continue on error
2024-05-09 12:21:18,336 INFO o.a.j.t.ThreadGroup: Starting thread group... number=1 threads=1 ramp-up=1 delayedStart=false
2024-05-09 12:21:18,336 INFO o.a.j.t.ThreadGroup: Started thread group number 1
2024-05-09 12:21:18,336 INFO o.a.j.e.StandardJMeterEngine: All thread groups have been started
2024-05-09 12:21:18,336 INFO o.a.j.t.JMeterThread: Thread started: ssh activity 1-1
2024-05-09 12:21:19,591 INFO o.a.j.t.JMeterThread: Thread is done: ssh activity 1-1
2024-05-09 12:21:19,591 INFO o.a.j.t.JMeterThread: Thread finished: ssh activity 1-1
2024-05-09 12:21:19,591 INFO o.a.j.e.StandardJMeterEngine: Notifying test listeners of end of test
2024-05-09 12:21:19,591 INFO o.a.j.g.u.JMeterMenuBar: setRunning(false, *local*)
2024-05-09 12:22:15,561 INFO o.a.j.e.StandardJMeterEngine: Running the test!
2024-05-09 12:22:15,561 INFO o.a.j.s.SampleEvent: List of sample_variables: []
2024-05-09 12:22:15,561 INFO o.a.j.g.u.JMeterMenuBar: setRunning(true, *local*)
2024-05-09 12:22:15,665 INFO o.a.j.e.StandardJMeterEngine: Starting ThreadGroup: 1 : ssh activity
2024-05-09 12:22:15,665 INFO o.a.j.e.StandardJMeterEngine: Starting 1 threads for group ssh activity.
2024-05-09 12:22:15,665 INFO o.a.j.e.StandardJMeterEngine: Thread will continue on error
2024-05-09 12:22:15,665 INFO o.a.j.t.ThreadGroup: Starting thread group... number=1 threads=1 ramp-up=1 delayedStart=false
2024-05-09 12:22:15,665 INFO o.a.j.t.ThreadGroup: Started thread group number 1
2024-05-09 12:22:15,665 INFO o.a.j.e.StandardJMeterEngine: All thread groups have been started
2024-05-09 12:22:15,665 INFO o.a.j.t.JMeterThread: Thread started: ssh activity 1-1
2024-05-09 12:22:16,731 INFO o.a.j.t.JMeterThread: Thread is done: ssh activity 1-1
2024-05-09 12:22:16,731 INFO o.a.j.t.JMeterThread: Thread finished: ssh activity 1-1
2024-05-09 12:22:16,738 INFO o.a.j.e.StandardJMeterEngine: Notifying test listeners of end of test
2024-05-09 12:22:16,738 INFO o.a.j.g.u.JMeterMenuBar: setRunning(false, *local*)
2024-05-09 12:22:30,682 INFO o.a.j.e.StandardJMeterEngine: Running the test!
2024-05-09 12:22:30,682 INFO o.a.j.s.SampleEvent: List of sample_variables: []
2024-05-09 12:22:30,682 INFO o.a.j.g.u.JMeterMenuBar: setRunning(true, *local*)
2024-05-09 12:22:30,748 INFO o.a.j.e.StandardJMeterEngine: Starting ThreadGroup: 1 : ssh activity
2024-05-09 12:22:30,748 INFO o.a.j.e.StandardJMeterEngine: Starting 1 threads for group ssh activity.
2024-05-09 12:22:30,748 INFO o.a.j.e.StandardJMeterEngine: Thread will continue on error
2024-05-09 12:22:30,748 INFO o.a.j.t.ThreadGroup: Starting thread group... number=1 threads=1 ramp-up=1 delayedStart=false
2024-05-09 12:22:30,748 INFO o.a.j.t.ThreadGroup: Started thread group number 1
2024-05-09 12:22:30,748 INFO o.a.j.e.StandardJMeterEngine: All thread groups have been started
2024-05-09 12:22:30,748 INFO o.a.j.t.JMeterThread: Thread started: ssh activity 1-1
2024-05-09 12:22:31,879 INFO o.a.j.t.JMeterThread: Thread is done: ssh activity 1-1
2024-05-09 12:22:31,879 INFO o.a.j.t.JMeterThread: Thread finished: ssh activity 1-1
2024-05-09 12:22:31,895 INFO o.a.j.e.StandardJMeterEngine: Notifying test listeners of end of test
2024-05-09 12:22:31,895 INFO o.a.j.g.u.JMeterMenuBar: setRunning(false, *local*)
2024-05-09 12:26:12,622 INFO o.a.j.e.StandardJMeterEngine: Running the test!
2024-05-09 12:26:12,622 INFO o.a.j.s.SampleEvent: List of sample_variables: []
2024-05-09 12:26:12,622 INFO o.a.j.g.u.JMeterMenuBar: setRunning(true, *local*)
2024-05-09 12:26:12,638 INFO o.a.j.e.StandardJMeterEngine: Starting ThreadGroup: 1 : ssh activity
2024-05-09 12:26:12,638 INFO o.a.j.e.StandardJMeterEngine: Starting 1 threads for group ssh activity.
2024-05-09 12:26:12,638 INFO o.a.j.e.StandardJMeterEngine: Thread will continue on error
2024-05-09 12:26:12,638 INFO o.a.j.t.ThreadGroup: Starting thread group... number=1 threads=1 ramp-up=1 delayedStart=false
2024-05-09 12:26:12,638 INFO o.a.j.t.ThreadGroup: Started thread group number 1
2024-05-09 12:26:12,638 INFO o.a.j.e.StandardJMeterEngine: All thread groups have been started
2024-05-09 12:26:12,638 INFO o.a.j.t.JMeterThread: Thread started: ssh activity 1-1
2024-05-09 12:26:13,787 INFO o.a.j.t.JMeterThread: Thread is done: ssh activity 1-1
2024-05-09 12:26:13,787 INFO o.a.j.t.JMeterThread: Thread finished: ssh activity 1-1
2024-05-09 12:26:13,787 INFO o.a.j.e.StandardJMeterEngine: Notifying test listeners of end of test
2024-05-09 12:26:13,787 INFO o.a.j.g.u.JMeterMenuBar: setRunning(false, *local*)
2024-05-09 12:29:57,752 INFO o.a.j.e.StandardJMeterEngine: Running the test!
2024-05-09 12:29:57,752 INFO o.a.j.s.SampleEvent: List of sample_variables: []
2024-05-09 12:29:57,752 INFO o.a.j.g.u.JMeterMenuBar: setRunning(true, *local*)
2024-05-09 12:29:57,861 INFO o.a.j.e.StandardJMeterEngine: Starting ThreadGroup: 1 : ssh activity
2024-05-09 12:29:57,861 INFO o.a.j.e.StandardJMeterEngine: Starting 1 threads for group ssh activity.
2024-05-09 12:29:57,861 INFO o.a.j.e.StandardJMeterEngine: Thread will continue on error
2024-05-09 12:29:57,861 INFO o.a.j.t.ThreadGroup: Starting thread group... number=1 threads=1 ramp-up=1 delayedStart=false
2024-05-09 12:29:57,861 INFO o.a.j.t.ThreadGroup: Started thread group number 1
2024-05-09 12:29:57,861 INFO o.a.j.e.StandardJMeterEngine: All thread groups have been started
2024-05-09 12:29:57,861 INFO o.a.j.t.JMeterThread: Thread started: ssh activity 1-1
2024-05-09 12:30:02,960 INFO o.a.j.t.JMeterThread: Thread is done: ssh activity 1-1
2024-05-09 12:30:02,960 INFO o.a.j.t.JMeterThread: Thread finished: ssh activity 1-1
2024-05-09 12:30:02,960 INFO o.a.j.e.StandardJMeterEngine: Notifying test listeners of end of test
2024-05-09 12:30:02,960 INFO o.a.j.g.u.JMeterMenuBar: setRunning(false, *local*)
